The system is: Linux - 5.4.0-91-generic - x86_64
Compiling the C compiler identification source file "CMakeCCompilerId.c" succeeded.
Compiler: /usr/local.nfs/sgs/software/argon-tesla/gcc/10.2-openmp-custom/install/bin/gcc 
Build flags: 
Id flags:  

The output was:
0


Compilation of the C compiler identification source "CMakeCCompilerId.c" produced "a.out"

The C compiler identification is GNU, found in "/home/goeseldd/NumSim_ws2122/Exercise_2/build/CMakeFiles/3.18.2/CompilerIdC/a.out"

Compiling the CXX compiler identification source file "CMakeCXXCompilerId.cpp" succeeded.
Compiler: /usr/local.nfs/sgs/software/argon-tesla/gcc/10.2-openmp-custom/install/bin/g++ 
Build flags: 
Id flags:  

The output was:
0


Compilation of the CXX compiler identification source "CMakeCXXCompilerId.cpp" produced "a.out"

The CXX compiler identification is GNU, found in "/home/goeseldd/NumSim_ws2122/Exercise_2/build/CMakeFiles/3.18.2/CompilerIdCXX/a.out"

Detecting C compiler ABI info compiled with the following output:
Change Dir: /home/goeseldd/NumSim_ws2122/Exercise_2/build/CMakeFiles/CMakeTmp

Run Build Command(s):/usr/bin/make cmTC_e2474/fast && /usr/bin/make  -f CMakeFiles/cmTC_e2474.dir/build.make CMakeFiles/cmTC_e2474.dir/build
make[1]: Entering directory '/home/goeseldd/NumSim_ws2122/Exercise_2/build/CMakeFiles/CMakeTmp'
Building C object CMakeFiles/cmTC_e2474.dir/CMakeCCompilerABI.c.o
/usr/local.nfs/sgs/software/argon-tesla/gcc/10.2-openmp-custom/install/bin/gcc   -v -o CMakeFiles/cmTC_e2474.dir/CMakeCCompilerABI.c.o -c /import/sgs.local/software/cmake/cmake-3.18.2-Linux-x86_64/share/cmake-3.18/Modules/CMakeCCompilerABI.c
Using built-in specs.
COLLECT_GCC=/usr/local.nfs/sgs/software/argon-tesla/gcc/10.2-openmp-custom/install/bin/gcc
OFFLOAD_TARGET_NAMES=nvptx-none
Target: x86_64-pc-linux-gnu
Configured with: ../gcc-10.2.0/configure --enable-offload-targets=nvptx-none --with-cuda-driver-include=/usr/local.nfs/sw/cuda/cuda-10.2/include --with-cuda-driver-lib=/usr/local.nfs/sw/cuda/cuda-10.2/lib64 --disable-bootstrap --disable-multilib --enable-languages=c,c++,fortran,lto --prefix=/usr/local.nfs/sgs/software/argon-tesla/gcc/10.2-openmp-custom/install
Thread model: posix
Supported LTO compression algorithms: zlib
gcc version 10.2.0 (GCC) 
COLLECT_GCC_OPTIONS='-v' '-o' 'CMakeFiles/cmTC_e2474.dir/CMakeCCompilerABI.c.o' '-c' '-mtune=generic' '-march=x86-64'
 /import/sgs.local/software/argon-tesla/gcc/10.2-openmp-custom/install/bin/../libexec/gcc/x86_64-pc-linux-gnu/10.2.0/cc1 -quiet -v -imultiarch x86_64-linux-gnu -iprefix /import/sgs.local/software/argon-tesla/gcc/10.2-openmp-custom/install/bin/../lib/gcc/x86_64-pc-linux-gnu/10.2.0/ /import/sgs.local/software/cmake/cmake-3.18.2-Linux-x86_64/share/cmake-3.18/Modules/CMakeCCompilerABI.c -quiet -dumpbase CMakeCCompilerABI.c -mtune=generic -march=x86-64 -auxbase-strip CMakeFiles/cmTC_e2474.dir/CMakeCCompilerABI.c.o -version -o /tmp/cc72Rzen.s
GNU C17 (GCC) version 10.2.0 (x86_64-pc-linux-gnu)
	compiled by GNU C version 9.2.0, GMP version 6.1.0, MPFR version 3.1.4, MPC version 1.0.3, isl version isl-0.18-GMP

GGC heuristics: --param ggc-min-expand=100 --param ggc-min-heapsize=131072
ignoring nonexistent directory "/import/sgs.local/software/argon-tesla/gcc/10.2-openmp-custom/install/bin/../lib/gcc/x86_64-pc-linux-gnu/10.2.0/../../../../x86_64-pc-linux-gnu/include"
ignoring duplicate directory "/import/sgs.local/software/argon-tesla/gcc/10.2-openmp-custom/install/bin/../lib/gcc/../../lib/gcc/x86_64-pc-linux-gnu/10.2.0/include"
ignoring nonexistent directory "/usr/local/include/x86_64-linux-gnu"
ignoring duplicate directory "/import/sgs.local/software/argon-tesla/gcc/10.2-openmp-custom/install/bin/../lib/gcc/../../lib/gcc/x86_64-pc-linux-gnu/10.2.0/include-fixed"
ignoring nonexistent directory "/import/sgs.local/software/argon-tesla/gcc/10.2-openmp-custom/install/bin/../lib/gcc/../../lib/gcc/x86_64-pc-linux-gnu/10.2.0/../../../../x86_64-pc-linux-gnu/include"
#include "..." search starts here:
#include <...> search starts here:
 /usr/local.nfs/sgs/software/vtk/vtk-9.0.1/install/include
 /import/sgs.local/software/argon-tesla/gcc/10.2-openmp-custom/install/bin/../lib/gcc/x86_64-pc-linux-gnu/10.2.0/include
 /import/sgs.local/software/argon-tesla/gcc/10.2-openmp-custom/install/bin/../lib/gcc/x86_64-pc-linux-gnu/10.2.0/include-fixed
 /usr/local/include
 /import/sgs.local/software/argon-tesla/gcc/10.2-openmp-custom/install/bin/../lib/gcc/../../include
 /usr/include/x86_64-linux-gnu
 /usr/include
End of search list.
GNU C17 (GCC) version 10.2.0 (x86_64-pc-linux-gnu)
	compiled by GNU C version 9.2.0, GMP version 6.1.0, MPFR version 3.1.4, MPC version 1.0.3, isl version isl-0.18-GMP

GGC heuristics: --param ggc-min-expand=100 --param ggc-min-heapsize=131072
Compiler executable checksum: 430f5cb4ff2683315dd401bb2f9acf2a
COLLECT_GCC_OPTIONS='-v' '-o' 'CMakeFiles/cmTC_e2474.dir/CMakeCCompilerABI.c.o' '-c' '-mtune=generic' '-march=x86-64'
 as -v --64 -o CMakeFiles/cmTC_e2474.dir/CMakeCCompilerABI.c.o /tmp/cc72Rzen.s
GNU assembler version 2.34 (x86_64-linux-gnu) using BFD version (GNU Binutils for Ubuntu) 2.34
COMPILER_PATH=/import/sgs.local/software/argon-tesla/gcc/10.2-openmp-custom/install/bin/../libexec/gcc/x86_64-pc-linux-gnu/10.2.0/:/import/sgs.local/software/argon-tesla/gcc/10.2-openmp-custom/install/bin/../libexec/gcc/
LIBRARY_PATH=/import/sgs.local/software/argon-tesla/gcc/10.2-openmp-custom/install/bin/../lib/gcc/x86_64-pc-linux-gnu/10.2.0/:/import/sgs.local/software/argon-tesla/gcc/10.2-openmp-custom/install/bin/../lib/gcc/:/usr/local.nfs/sgs/software/argon-tesla/gcc/10.2-openmp-custom/install/lib64/../lib64/:/import/sgs.local/software/argon-tesla/gcc/10.2-openmp-custom/install/bin/../lib/gcc/x86_64-pc-linux-gnu/10.2.0/../../../../lib64/:/lib/x86_64-linux-gnu/:/lib/../lib64/:/usr/lib/x86_64-linux-gnu/:/usr/lib/../lib64/:/usr/local.nfs/sgs/software/vtk/vtk-9.0.1/install/lib/:/usr/local.nfs/sgs/software/openmpi/3.1.6-gcc10.2/lib/:/usr/local.nfs/sgs/software/argon-tesla/gcc/10.2-openmp-custom/install/lib64/:/import/sgs.local/software/argon-tesla/gcc/10.2-openmp-custom/install/bin/../lib/gcc/x86_64-pc-linux-gnu/10.2.0/../../../:/lib/:/usr/lib/
COLLECT_GCC_OPTIONS='-v' '-o' 'CMakeFiles/cmTC_e2474.dir/CMakeCCompilerABI.c.o' '-c' '-mtune=generic' '-march=x86-64'
Linking C executable cmTC_e2474
/import/sgs.local/software/cmake/cmake-3.18.2-Linux-x86_64/bin/cmake -E cmake_link_script CMakeFiles/cmTC_e2474.dir/link.txt --verbose=1
/usr/local.nfs/sgs/software/argon-tesla/gcc/10.2-openmp-custom/install/bin/gcc  -v -rdynamic CMakeFiles/cmTC_e2474.dir/CMakeCCompilerABI.c.o -o cmTC_e2474 
Using built-in specs.
COLLECT_GCC=/usr/local.nfs/sgs/software/argon-tesla/gcc/10.2-openmp-custom/install/bin/gcc
COLLECT_LTO_WRAPPER=/import/sgs.local/software/argon-tesla/gcc/10.2-openmp-custom/install/bin/../libexec/gcc/x86_64-pc-linux-gnu/10.2.0/lto-wrapper
OFFLOAD_TARGET_NAMES=nvptx-none
Target: x86_64-pc-linux-gnu
Configured with: ../gcc-10.2.0/configure --enable-offload-targets=nvptx-none --with-cuda-driver-include=/usr/local.nfs/sw/cuda/cuda-10.2/include --with-cuda-driver-lib=/usr/local.nfs/sw/cuda/cuda-10.2/lib64 --disable-bootstrap --disable-multilib --enable-languages=c,c++,fortran,lto --prefix=/usr/local.nfs/sgs/software/argon-tesla/gcc/10.2-openmp-custom/install
Thread model: posix
Supported LTO compression algorithms: zlib
gcc version 10.2.0 (GCC) 
COMPILER_PATH=/import/sgs.local/software/argon-tesla/gcc/10.2-openmp-custom/install/bin/../libexec/gcc/x86_64-pc-linux-gnu/10.2.0/:/import/sgs.local/software/argon-tesla/gcc/10.2-openmp-custom/install/bin/../libexec/gcc/
LIBRARY_PATH=/import/sgs.local/software/argon-tesla/gcc/10.2-openmp-custom/install/bin/../lib/gcc/x86_64-pc-linux-gnu/10.2.0/:/import/sgs.local/software/argon-tesla/gcc/10.2-openmp-custom/install/bin/../lib/gcc/:/usr/local.nfs/sgs/software/argon-tesla/gcc/10.2-openmp-custom/install/lib64/../lib64/:/import/sgs.local/software/argon-tesla/gcc/10.2-openmp-custom/install/bin/../lib/gcc/x86_64-pc-linux-gnu/10.2.0/../../../../lib64/:/lib/x86_64-linux-gnu/:/lib/../lib64/:/usr/lib/x86_64-linux-gnu/:/usr/lib/../lib64/:/usr/local.nfs/sgs/software/vtk/vtk-9.0.1/install/lib/:/usr/local.nfs/sgs/software/openmpi/3.1.6-gcc10.2/lib/:/usr/local.nfs/sgs/software/argon-tesla/gcc/10.2-openmp-custom/install/lib64/:/import/sgs.local/software/argon-tesla/gcc/10.2-openmp-custom/install/bin/../lib/gcc/x86_64-pc-linux-gnu/10.2.0/../../../:/lib/:/usr/lib/
COLLECT_GCC_OPTIONS='-v' '-rdynamic' '-o' 'cmTC_e2474' '-mtune=generic' '-march=x86-64'
 /import/sgs.local/software/argon-tesla/gcc/10.2-openmp-custom/install/bin/../libexec/gcc/x86_64-pc-linux-gnu/10.2.0/collect2 -plugin /import/sgs.local/software/argon-tesla/gcc/10.2-openmp-custom/install/bin/../libexec/gcc/x86_64-pc-linux-gnu/10.2.0/liblto_plugin.so -plugin-opt=/import/sgs.local/software/argon-tesla/gcc/10.2-openmp-custom/install/bin/../libexec/gcc/x86_64-pc-linux-gnu/10.2.0/lto-wrapper -plugin-opt=-fresolution=/tmp/ccUHlt7O.res -plugin-opt=-pass-through=-lgcc -plugin-opt=-pass-through=-lgcc_s -plugin-opt=-pass-through=-lc -plugin-opt=-pass-through=-lgcc -plugin-opt=-pass-through=-lgcc_s --eh-frame-hdr -m elf_x86_64 -export-dynamic -dynamic-linker /lib64/ld-linux-x86-64.so.2 -o cmTC_e2474 /lib/x86_64-linux-gnu/crt1.o /lib/x86_64-linux-gnu/crti.o /import/sgs.local/software/argon-tesla/gcc/10.2-openmp-custom/install/bin/../lib/gcc/x86_64-pc-linux-gnu/10.2.0/crtbegin.o -L/import/sgs.local/software/argon-tesla/gcc/10.2-openmp-custom/install/bin/../lib/gcc/x86_64-pc-linux-gnu/10.2.0 -L/import/sgs.local/software/argon-tesla/gcc/10.2-openmp-custom/install/bin/../lib/gcc -L/usr/local.nfs/sgs/software/argon-tesla/gcc/10.2-openmp-custom/install/lib64/../lib64 -L/import/sgs.local/software/argon-tesla/gcc/10.2-openmp-custom/install/bin/../lib/gcc/x86_64-pc-linux-gnu/10.2.0/../../../../lib64 -L/lib/x86_64-linux-gnu -L/lib/../lib64 -L/usr/lib/x86_64-linux-gnu -L/usr/lib/../lib64 -L/usr/local.nfs/sgs/software/vtk/vtk-9.0.1/install/lib -L/usr/local.nfs/sgs/software/openmpi/3.1.6-gcc10.2/lib -L/usr/local.nfs/sgs/software/argon-tesla/gcc/10.2-openmp-custom/install/lib64 -L/import/sgs.local/software/argon-tesla/gcc/10.2-openmp-custom/install/bin/../lib/gcc/x86_64-pc-linux-gnu/10.2.0/../../.. CMakeFiles/cmTC_e2474.dir/CMakeCCompilerABI.c.o -lgcc --push-state --as-needed -lgcc_s --pop-state -lc -lgcc --push-state --as-needed -lgcc_s --pop-state /import/sgs.local/software/argon-tesla/gcc/10.2-openmp-custom/install/bin/../lib/gcc/x86_64-pc-linux-gnu/10.2.0/crtend.o /lib/x86_64-linux-gnu/crtn.o
COLLECT_GCC_OPTIONS='-v' '-rdynamic' '-o' 'cmTC_e2474' '-mtune=generic' '-march=x86-64'
make[1]: Leaving directory '/home/goeseldd/NumSim_ws2122/Exercise_2/build/CMakeFiles/CMakeTmp'



Parsed C implicit include dir info from above output: rv=done
  found start of include info
  found start of implicit include info
    add: [/usr/local.nfs/sgs/software/vtk/vtk-9.0.1/install/include]
    add: [/import/sgs.local/software/argon-tesla/gcc/10.2-openmp-custom/install/bin/../lib/gcc/x86_64-pc-linux-gnu/10.2.0/include]
    add: [/import/sgs.local/software/argon-tesla/gcc/10.2-openmp-custom/install/bin/../lib/gcc/x86_64-pc-linux-gnu/10.2.0/include-fixed]
    add: [/usr/local/include]
    add: [/import/sgs.local/software/argon-tesla/gcc/10.2-openmp-custom/install/bin/../lib/gcc/../../include]
    add: [/usr/include/x86_64-linux-gnu]
    add: [/usr/include]
  end of search list found
  collapse include dir [/usr/local.nfs/sgs/software/vtk/vtk-9.0.1/install/include] ==> [/usr/local.nfs/sgs/software/vtk/vtk-9.0.1/install/include]
  collapse include dir [/import/sgs.local/software/argon-tesla/gcc/10.2-openmp-custom/install/bin/../lib/gcc/x86_64-pc-linux-gnu/10.2.0/include] ==> [/import/sgs.local/software/argon-tesla/gcc/10.2-openmp-custom/install/lib/gcc/x86_64-pc-linux-gnu/10.2.0/include]
  collapse include dir [/import/sgs.local/software/argon-tesla/gcc/10.2-openmp-custom/install/bin/../lib/gcc/x86_64-pc-linux-gnu/10.2.0/include-fixed] ==> [/import/sgs.local/software/argon-tesla/gcc/10.2-openmp-custom/install/lib/gcc/x86_64-pc-linux-gnu/10.2.0/include-fixed]
  collapse include dir [/usr/local/include] ==> [/usr/local/include]
  collapse include dir [/import/sgs.local/software/argon-tesla/gcc/10.2-openmp-custom/install/bin/../lib/gcc/../../include] ==> [/import/sgs.local/software/argon-tesla/gcc/10.2-openmp-custom/install/include]
  collapse include dir [/usr/include/x86_64-linux-gnu] ==> [/usr/include/x86_64-linux-gnu]
  collapse include dir [/usr/include] ==> [/usr/include]
  implicit include dirs: [/usr/local.nfs/sgs/software/vtk/vtk-9.0.1/install/include;/import/sgs.local/software/argon-tesla/gcc/10.2-openmp-custom/install/lib/gcc/x86_64-pc-linux-gnu/10.2.0/include;/import/sgs.local/software/argon-tesla/gcc/10.2-openmp-custom/install/lib/gcc/x86_64-pc-linux-gnu/10.2.0/include-fixed;/usr/local/include;/import/sgs.local/software/argon-tesla/gcc/10.2-openmp-custom/install/include;/usr/include/x86_64-linux-gnu;/usr/include]


Parsed C implicit link information from above output:
  link line regex: [^( *|.*[/\])(ld|CMAKE_LINK_STARTFILE-NOTFOUND|([^/\]+-)?ld|collect2)[^/\]*( |$)]
  ignore line: [Change Dir: /home/goeseldd/NumSim_ws2122/Exercise_2/build/CMakeFiles/CMakeTmp]
  ignore line: []
  ignore line: [Run Build Command(s):/usr/bin/make cmTC_e2474/fast && /usr/bin/make  -f CMakeFiles/cmTC_e2474.dir/build.make CMakeFiles/cmTC_e2474.dir/build]
  ignore line: [make[1]: Entering directory '/home/goeseldd/NumSim_ws2122/Exercise_2/build/CMakeFiles/CMakeTmp']
  ignore line: [Building C object CMakeFiles/cmTC_e2474.dir/CMakeCCompilerABI.c.o]
  ignore line: [/usr/local.nfs/sgs/software/argon-tesla/gcc/10.2-openmp-custom/install/bin/gcc   -v -o CMakeFiles/cmTC_e2474.dir/CMakeCCompilerABI.c.o -c /import/sgs.local/software/cmake/cmake-3.18.2-Linux-x86_64/share/cmake-3.18/Modules/CMakeCCompilerABI.c]
  ignore line: [Using built-in specs.]
  ignore line: [COLLECT_GCC=/usr/local.nfs/sgs/software/argon-tesla/gcc/10.2-openmp-custom/install/bin/gcc]
  ignore line: [OFFLOAD_TARGET_NAMES=nvptx-none]
  ignore line: [Target: x86_64-pc-linux-gnu]
  ignore line: [Configured with: ../gcc-10.2.0/configure --enable-offload-targets=nvptx-none --with-cuda-driver-include=/usr/local.nfs/sw/cuda/cuda-10.2/include --with-cuda-driver-lib=/usr/local.nfs/sw/cuda/cuda-10.2/lib64 --disable-bootstrap --disable-multilib --enable-languages=c c++ fortran lto --prefix=/usr/local.nfs/sgs/software/argon-tesla/gcc/10.2-openmp-custom/install]
  ignore line: [Thread model: posix]
  ignore line: [Supported LTO compression algorithms: zlib]
  ignore line: [gcc version 10.2.0 (GCC) ]
  ignore line: [COLLECT_GCC_OPTIONS='-v' '-o' 'CMakeFiles/cmTC_e2474.dir/CMakeCCompilerABI.c.o' '-c' '-mtune=generic' '-march=x86-64']
  ignore line: [ /import/sgs.local/software/argon-tesla/gcc/10.2-openmp-custom/install/bin/../libexec/gcc/x86_64-pc-linux-gnu/10.2.0/cc1 -quiet -v -imultiarch x86_64-linux-gnu -iprefix /import/sgs.local/software/argon-tesla/gcc/10.2-openmp-custom/install/bin/../lib/gcc/x86_64-pc-linux-gnu/10.2.0/ /import/sgs.local/software/cmake/cmake-3.18.2-Linux-x86_64/share/cmake-3.18/Modules/CMakeCCompilerABI.c -quiet -dumpbase CMakeCCompilerABI.c -mtune=generic -march=x86-64 -auxbase-strip CMakeFiles/cmTC_e2474.dir/CMakeCCompilerABI.c.o -version -o /tmp/cc72Rzen.s]
  ignore line: [GNU C17 (GCC) version 10.2.0 (x86_64-pc-linux-gnu)]
  ignore line: [	compiled by GNU C version 9.2.0  GMP version 6.1.0  MPFR version 3.1.4  MPC version 1.0.3  isl version isl-0.18-GMP]
  ignore line: []
  ignore line: [GGC heuristics: --param ggc-min-expand=100 --param ggc-min-heapsize=131072]
  ignore line: [ignoring nonexistent directory "/import/sgs.local/software/argon-tesla/gcc/10.2-openmp-custom/install/bin/../lib/gcc/x86_64-pc-linux-gnu/10.2.0/../../../../x86_64-pc-linux-gnu/include"]
  ignore line: [ignoring duplicate directory "/import/sgs.local/software/argon-tesla/gcc/10.2-openmp-custom/install/bin/../lib/gcc/../../lib/gcc/x86_64-pc-linux-gnu/10.2.0/include"]
  ignore line: [ignoring nonexistent directory "/usr/local/include/x86_64-linux-gnu"]
  ignore line: [ignoring duplicate directory "/import/sgs.local/software/argon-tesla/gcc/10.2-openmp-custom/install/bin/../lib/gcc/../../lib/gcc/x86_64-pc-linux-gnu/10.2.0/include-fixed"]
  ignore line: [ignoring nonexistent directory "/import/sgs.local/software/argon-tesla/gcc/10.2-openmp-custom/install/bin/../lib/gcc/../../lib/gcc/x86_64-pc-linux-gnu/10.2.0/../../../../x86_64-pc-linux-gnu/include"]
  ignore line: [#include "..." search starts here:]
  ignore line: [#include <...> search starts here:]
  ignore line: [ /usr/local.nfs/sgs/software/vtk/vtk-9.0.1/install/include]
  ignore line: [ /import/sgs.local/software/argon-tesla/gcc/10.2-openmp-custom/install/bin/../lib/gcc/x86_64-pc-linux-gnu/10.2.0/include]
  ignore line: [ /import/sgs.local/software/argon-tesla/gcc/10.2-openmp-custom/install/bin/../lib/gcc/x86_64-pc-linux-gnu/10.2.0/include-fixed]
  ignore line: [ /usr/local/include]
  ignore line: [ /import/sgs.local/software/argon-tesla/gcc/10.2-openmp-custom/install/bin/../lib/gcc/../../include]
  ignore line: [ /usr/include/x86_64-linux-gnu]
  ignore line: [ /usr/include]
  ignore line: [End of search list.]
  ignore line: [GNU C17 (GCC) version 10.2.0 (x86_64-pc-linux-gnu)]
  ignore line: [	compiled by GNU C version 9.2.0  GMP version 6.1.0  MPFR version 3.1.4  MPC version 1.0.3  isl version isl-0.18-GMP]
  ignore line: []
  ignore line: [GGC heuristics: --param ggc-min-expand=100 --param ggc-min-heapsize=131072]
  ignore line: [Compiler executable checksum: 430f5cb4ff2683315dd401bb2f9acf2a]
  ignore line: [COLLECT_GCC_OPTIONS='-v' '-o' 'CMakeFiles/cmTC_e2474.dir/CMakeCCompilerABI.c.o' '-c' '-mtune=generic' '-march=x86-64']
  ignore line: [ as -v --64 -o CMakeFiles/cmTC_e2474.dir/CMakeCCompilerABI.c.o /tmp/cc72Rzen.s]
  ignore line: [GNU assembler version 2.34 (x86_64-linux-gnu) using BFD version (GNU Binutils for Ubuntu) 2.34]
  ignore line: [COMPILER_PATH=/import/sgs.local/software/argon-tesla/gcc/10.2-openmp-custom/install/bin/../libexec/gcc/x86_64-pc-linux-gnu/10.2.0/:/import/sgs.local/software/argon-tesla/gcc/10.2-openmp-custom/install/bin/../libexec/gcc/]
  ignore line: [LIBRARY_PATH=/import/sgs.local/software/argon-tesla/gcc/10.2-openmp-custom/install/bin/../lib/gcc/x86_64-pc-linux-gnu/10.2.0/:/import/sgs.local/software/argon-tesla/gcc/10.2-openmp-custom/install/bin/../lib/gcc/:/usr/local.nfs/sgs/software/argon-tesla/gcc/10.2-openmp-custom/install/lib64/../lib64/:/import/sgs.local/software/argon-tesla/gcc/10.2-openmp-custom/install/bin/../lib/gcc/x86_64-pc-linux-gnu/10.2.0/../../../../lib64/:/lib/x86_64-linux-gnu/:/lib/../lib64/:/usr/lib/x86_64-linux-gnu/:/usr/lib/../lib64/:/usr/local.nfs/sgs/software/vtk/vtk-9.0.1/install/lib/:/usr/local.nfs/sgs/software/openmpi/3.1.6-gcc10.2/lib/:/usr/local.nfs/sgs/software/argon-tesla/gcc/10.2-openmp-custom/install/lib64/:/import/sgs.local/software/argon-tesla/gcc/10.2-openmp-custom/install/bin/../lib/gcc/x86_64-pc-linux-gnu/10.2.0/../../../:/lib/:/usr/lib/]
  ignore line: [COLLECT_GCC_OPTIONS='-v' '-o' 'CMakeFiles/cmTC_e2474.dir/CMakeCCompilerABI.c.o' '-c' '-mtune=generic' '-march=x86-64']
  ignore line: [Linking C executable cmTC_e2474]
  ignore line: [/import/sgs.local/software/cmake/cmake-3.18.2-Linux-x86_64/bin/cmake -E cmake_link_script CMakeFiles/cmTC_e2474.dir/link.txt --verbose=1]
  ignore line: [/usr/local.nfs/sgs/software/argon-tesla/gcc/10.2-openmp-custom/install/bin/gcc  -v -rdynamic CMakeFiles/cmTC_e2474.dir/CMakeCCompilerABI.c.o -o cmTC_e2474 ]
  ignore line: [Using built-in specs.]
  ignore line: [COLLECT_GCC=/usr/local.nfs/sgs/software/argon-tesla/gcc/10.2-openmp-custom/install/bin/gcc]
  ignore line: [COLLECT_LTO_WRAPPER=/import/sgs.local/software/argon-tesla/gcc/10.2-openmp-custom/install/bin/../libexec/gcc/x86_64-pc-linux-gnu/10.2.0/lto-wrapper]
  ignore line: [OFFLOAD_TARGET_NAMES=nvptx-none]
  ignore line: [Target: x86_64-pc-linux-gnu]
  ignore line: [Configured with: ../gcc-10.2.0/configure --enable-offload-targets=nvptx-none --with-cuda-driver-include=/usr/local.nfs/sw/cuda/cuda-10.2/include --with-cuda-driver-lib=/usr/local.nfs/sw/cuda/cuda-10.2/lib64 --disable-bootstrap --disable-multilib --enable-languages=c c++ fortran lto --prefix=/usr/local.nfs/sgs/software/argon-tesla/gcc/10.2-openmp-custom/install]
  ignore line: [Thread model: posix]
  ignore line: [Supported LTO compression algorithms: zlib]
  ignore line: [gcc version 10.2.0 (GCC) ]
  ignore line: [COMPILER_PATH=/import/sgs.local/software/argon-tesla/gcc/10.2-openmp-custom/install/bin/../libexec/gcc/x86_64-pc-linux-gnu/10.2.0/:/import/sgs.local/software/argon-tesla/gcc/10.2-openmp-custom/install/bin/../libexec/gcc/]
  ignore line: [LIBRARY_PATH=/import/sgs.local/software/argon-tesla/gcc/10.2-openmp-custom/install/bin/../lib/gcc/x86_64-pc-linux-gnu/10.2.0/:/import/sgs.local/software/argon-tesla/gcc/10.2-openmp-custom/install/bin/../lib/gcc/:/usr/local.nfs/sgs/software/argon-tesla/gcc/10.2-openmp-custom/install/lib64/../lib64/:/import/sgs.local/software/argon-tesla/gcc/10.2-openmp-custom/install/bin/../lib/gcc/x86_64-pc-linux-gnu/10.2.0/../../../../lib64/:/lib/x86_64-linux-gnu/:/lib/../lib64/:/usr/lib/x86_64-linux-gnu/:/usr/lib/../lib64/:/usr/local.nfs/sgs/software/vtk/vtk-9.0.1/install/lib/:/usr/local.nfs/sgs/software/openmpi/3.1.6-gcc10.2/lib/:/usr/local.nfs/sgs/software/argon-tesla/gcc/10.2-openmp-custom/install/lib64/:/import/sgs.local/software/argon-tesla/gcc/10.2-openmp-custom/install/bin/../lib/gcc/x86_64-pc-linux-gnu/10.2.0/../../../:/lib/:/usr/lib/]
  ignore line: [COLLECT_GCC_OPTIONS='-v' '-rdynamic' '-o' 'cmTC_e2474' '-mtune=generic' '-march=x86-64']
  link line: [ /import/sgs.local/software/argon-tesla/gcc/10.2-openmp-custom/install/bin/../libexec/gcc/x86_64-pc-linux-gnu/10.2.0/collect2 -plugin /import/sgs.local/software/argon-tesla/gcc/10.2-openmp-custom/install/bin/../libexec/gcc/x86_64-pc-linux-gnu/10.2.0/liblto_plugin.so -plugin-opt=/import/sgs.local/software/argon-tesla/gcc/10.2-openmp-custom/install/bin/../libexec/gcc/x86_64-pc-linux-gnu/10.2.0/lto-wrapper -plugin-opt=-fresolution=/tmp/ccUHlt7O.res -plugin-opt=-pass-through=-lgcc -plugin-opt=-pass-through=-lgcc_s -plugin-opt=-pass-through=-lc -plugin-opt=-pass-through=-lgcc -plugin-opt=-pass-through=-lgcc_s --eh-frame-hdr -m elf_x86_64 -export-dynamic -dynamic-linker /lib64/ld-linux-x86-64.so.2 -o cmTC_e2474 /lib/x86_64-linux-gnu/crt1.o /lib/x86_64-linux-gnu/crti.o /import/sgs.local/software/argon-tesla/gcc/10.2-openmp-custom/install/bin/../lib/gcc/x86_64-pc-linux-gnu/10.2.0/crtbegin.o -L/import/sgs.local/software/argon-tesla/gcc/10.2-openmp-custom/install/bin/../lib/gcc/x86_64-pc-linux-gnu/10.2.0 -L/import/sgs.local/software/argon-tesla/gcc/10.2-openmp-custom/install/bin/../lib/gcc -L/usr/local.nfs/sgs/software/argon-tesla/gcc/10.2-openmp-custom/install/lib64/../lib64 -L/import/sgs.local/software/argon-tesla/gcc/10.2-openmp-custom/install/bin/../lib/gcc/x86_64-pc-linux-gnu/10.2.0/../../../../lib64 -L/lib/x86_64-linux-gnu -L/lib/../lib64 -L/usr/lib/x86_64-linux-gnu -L/usr/lib/../lib64 -L/usr/local.nfs/sgs/software/vtk/vtk-9.0.1/install/lib -L/usr/local.nfs/sgs/software/openmpi/3.1.6-gcc10.2/lib -L/usr/local.nfs/sgs/software/argon-tesla/gcc/10.2-openmp-custom/install/lib64 -L/import/sgs.local/software/argon-tesla/gcc/10.2-openmp-custom/install/bin/../lib/gcc/x86_64-pc-linux-gnu/10.2.0/../../.. CMakeFiles/cmTC_e2474.dir/CMakeCCompilerABI.c.o -lgcc --push-state --as-needed -lgcc_s --pop-state -lc -lgcc --push-state --as-needed -lgcc_s --pop-state /import/sgs.local/software/argon-tesla/gcc/10.2-openmp-custom/install/bin/../lib/gcc/x86_64-pc-linux-gnu/10.2.0/crtend.o /lib/x86_64-linux-gnu/crtn.o]
    arg [/import/sgs.local/software/argon-tesla/gcc/10.2-openmp-custom/install/bin/../libexec/gcc/x86_64-pc-linux-gnu/10.2.0/collect2] ==> ignore
    arg [-plugin] ==> ignore
    arg [/import/sgs.local/software/argon-tesla/gcc/10.2-openmp-custom/install/bin/../libexec/gcc/x86_64-pc-linux-gnu/10.2.0/liblto_plugin.so] ==> ignore
    arg [-plugin-opt=/import/sgs.local/software/argon-tesla/gcc/10.2-openmp-custom/install/bin/../libexec/gcc/x86_64-pc-linux-gnu/10.2.0/lto-wrapper] ==> ignore
    arg [-plugin-opt=-fresolution=/tmp/ccUHlt7O.res] ==> ignore
    arg [-plugin-opt=-pass-through=-lgcc] ==> ignore
    arg [-plugin-opt=-pass-through=-lgcc_s] ==> ignore
    arg [-plugin-opt=-pass-through=-lc] ==> ignore
    arg [-plugin-opt=-pass-through=-lgcc] ==> ignore
    arg [-plugin-opt=-pass-through=-lgcc_s] ==> ignore
    arg [--eh-frame-hdr] ==> ignore
    arg [-m] ==> ignore
    arg [elf_x86_64] ==> ignore
    arg [-export-dynamic] ==> ignore
    arg [-dynamic-linker] ==> ignore
    arg [/lib64/ld-linux-x86-64.so.2] ==> ignore
    arg [-o] ==> ignore
    arg [cmTC_e2474] ==> ignore
    arg [/lib/x86_64-linux-gnu/crt1.o] ==> ignore
    arg [/lib/x86_64-linux-gnu/crti.o] ==> ignore
    arg [/import/sgs.local/software/argon-tesla/gcc/10.2-openmp-custom/install/bin/../lib/gcc/x86_64-pc-linux-gnu/10.2.0/crtbegin.o] ==> ignore
    arg [-L/import/sgs.local/software/argon-tesla/gcc/10.2-openmp-custom/install/bin/../lib/gcc/x86_64-pc-linux-gnu/10.2.0] ==> dir [/import/sgs.local/software/argon-tesla/gcc/10.2-openmp-custom/install/bin/../lib/gcc/x86_64-pc-linux-gnu/10.2.0]
    arg [-L/import/sgs.local/software/argon-tesla/gcc/10.2-openmp-custom/install/bin/../lib/gcc] ==> dir [/import/sgs.local/software/argon-tesla/gcc/10.2-openmp-custom/install/bin/../lib/gcc]
    arg [-L/usr/local.nfs/sgs/software/argon-tesla/gcc/10.2-openmp-custom/install/lib64/../lib64] ==> dir [/usr/local.nfs/sgs/software/argon-tesla/gcc/10.2-openmp-custom/install/lib64/../lib64]
    arg [-L/import/sgs.local/software/argon-tesla/gcc/10.2-openmp-custom/install/bin/../lib/gcc/x86_64-pc-linux-gnu/10.2.0/../../../../lib64] ==> dir [/import/sgs.local/software/argon-tesla/gcc/10.2-openmp-custom/install/bin/../lib/gcc/x86_64-pc-linux-gnu/10.2.0/../../../../lib64]
    arg [-L/lib/x86_64-linux-gnu] ==> dir [/lib/x86_64-linux-gnu]
    arg [-L/lib/../lib64] ==> dir [/lib/../lib64]
    arg [-L/usr/lib/x86_64-linux-gnu] ==> dir [/usr/lib/x86_64-linux-gnu]
    arg [-L/usr/lib/../lib64] ==> dir [/usr/lib/../lib64]
    arg [-L/usr/local.nfs/sgs/software/vtk/vtk-9.0.1/install/lib] ==> dir [/usr/local.nfs/sgs/software/vtk/vtk-9.0.1/install/lib]
    arg [-L/usr/local.nfs/sgs/software/openmpi/3.1.6-gcc10.2/lib] ==> dir [/usr/local.nfs/sgs/software/openmpi/3.1.6-gcc10.2/lib]
    arg [-L/usr/local.nfs/sgs/software/argon-tesla/gcc/10.2-openmp-custom/install/lib64] ==> dir [/usr/local.nfs/sgs/software/argon-tesla/gcc/10.2-openmp-custom/install/lib64]
    arg [-L/import/sgs.local/software/argon-tesla/gcc/10.2-openmp-custom/install/bin/../lib/gcc/x86_64-pc-linux-gnu/10.2.0/../../..] ==> dir [/import/sgs.local/software/argon-tesla/gcc/10.2-openmp-custom/install/bin/../lib/gcc/x86_64-pc-linux-gnu/10.2.0/../../..]
    arg [CMakeFiles/cmTC_e2474.dir/CMakeCCompilerABI.c.o] ==> ignore
    arg [-lgcc] ==> lib [gcc]
    arg [--push-state] ==> ignore
    arg [--as-needed] ==> ignore
    arg [-lgcc_s] ==> lib [gcc_s]
    arg [--pop-state] ==> ignore
    arg [-lc] ==> lib [c]
    arg [-lgcc] ==> lib [gcc]
    arg [--push-state] ==> ignore
    arg [--as-needed] ==> ignore
    arg [-lgcc_s] ==> lib [gcc_s]
    arg [--pop-state] ==> ignore
    arg [/import/sgs.local/software/argon-tesla/gcc/10.2-openmp-custom/install/bin/../lib/gcc/x86_64-pc-linux-gnu/10.2.0/crtend.o] ==> ignore
    arg [/lib/x86_64-linux-gnu/crtn.o] ==> ignore
  collapse library dir [/import/sgs.local/software/argon-tesla/gcc/10.2-openmp-custom/install/bin/../lib/gcc/x86_64-pc-linux-gnu/10.2.0] ==> [/import/sgs.local/software/argon-tesla/gcc/10.2-openmp-custom/install/lib/gcc/x86_64-pc-linux-gnu/10.2.0]
  collapse library dir [/import/sgs.local/software/argon-tesla/gcc/10.2-openmp-custom/install/bin/../lib/gcc] ==> [/import/sgs.local/software/argon-tesla/gcc/10.2-openmp-custom/install/lib/gcc]
  collapse library dir [/usr/local.nfs/sgs/software/argon-tesla/gcc/10.2-openmp-custom/install/lib64/../lib64] ==> [/usr/local.nfs/sgs/software/argon-tesla/gcc/10.2-openmp-custom/install/lib64]
  collapse library dir [/import/sgs.local/software/argon-tesla/gcc/10.2-openmp-custom/install/bin/../lib/gcc/x86_64-pc-linux-gnu/10.2.0/../../../../lib64] ==> [/import/sgs.local/software/argon-tesla/gcc/10.2-openmp-custom/install/lib64]
  collapse library dir [/lib/x86_64-linux-gnu] ==> [/lib/x86_64-linux-gnu]
  collapse library dir [/lib/../lib64] ==> [/lib64]
  collapse library dir [/usr/lib/x86_64-linux-gnu] ==> [/usr/lib/x86_64-linux-gnu]
  collapse library dir [/usr/lib/../lib64] ==> [/usr/lib64]
  collapse library dir [/usr/local.nfs/sgs/software/vtk/vtk-9.0.1/install/lib] ==> [/usr/local.nfs/sgs/software/vtk/vtk-9.0.1/install/lib]
  collapse library dir [/usr/local.nfs/sgs/software/openmpi/3.1.6-gcc10.2/lib] ==> [/usr/local.nfs/sgs/software/openmpi/3.1.6-gcc10.2/lib]
  collapse library dir [/usr/local.nfs/sgs/software/argon-tesla/gcc/10.2-openmp-custom/install/lib64] ==> [/usr/local.nfs/sgs/software/argon-tesla/gcc/10.2-openmp-custom/install/lib64]
  collapse library dir [/import/sgs.local/software/argon-tesla/gcc/10.2-openmp-custom/install/bin/../lib/gcc/x86_64-pc-linux-gnu/10.2.0/../../..] ==> [/import/sgs.local/software/argon-tesla/gcc/10.2-openmp-custom/install/lib]
  implicit libs: [gcc;gcc_s;c;gcc;gcc_s]
  implicit dirs: [/import/sgs.local/software/argon-tesla/gcc/10.2-openmp-custom/install/lib/gcc/x86_64-pc-linux-gnu/10.2.0;/import/sgs.local/software/argon-tesla/gcc/10.2-openmp-custom/install/lib/gcc;/usr/local.nfs/sgs/software/argon-tesla/gcc/10.2-openmp-custom/install/lib64;/import/sgs.local/software/argon-tesla/gcc/10.2-openmp-custom/install/lib64;/lib/x86_64-linux-gnu;/lib64;/usr/lib/x86_64-linux-gnu;/usr/lib64;/usr/local.nfs/sgs/software/vtk/vtk-9.0.1/install/lib;/usr/local.nfs/sgs/software/openmpi/3.1.6-gcc10.2/lib;/import/sgs.local/software/argon-tesla/gcc/10.2-openmp-custom/install/lib]
  implicit fwks: []


Detecting CXX compiler ABI info compiled with the following output:
Change Dir: /home/goeseldd/NumSim_ws2122/Exercise_2/build/CMakeFiles/CMakeTmp

Run Build Command(s):/usr/bin/make cmTC_688a7/fast && /usr/bin/make  -f CMakeFiles/cmTC_688a7.dir/build.make CMakeFiles/cmTC_688a7.dir/build
make[1]: Entering directory '/home/goeseldd/NumSim_ws2122/Exercise_2/build/CMakeFiles/CMakeTmp'
Building CXX object CMakeFiles/cmTC_688a7.dir/CMakeCXXCompilerABI.cpp.o
/usr/local.nfs/sgs/software/argon-tesla/gcc/10.2-openmp-custom/install/bin/g++   -v -o CMakeFiles/cmTC_688a7.dir/CMakeCXXCompilerABI.cpp.o -c /import/sgs.local/software/cmake/cmake-3.18.2-Linux-x86_64/share/cmake-3.18/Modules/CMakeCXXCompilerABI.cpp
Using built-in specs.
COLLECT_GCC=/usr/local.nfs/sgs/software/argon-tesla/gcc/10.2-openmp-custom/install/bin/g++
OFFLOAD_TARGET_NAMES=nvptx-none
Target: x86_64-pc-linux-gnu
Configured with: ../gcc-10.2.0/configure --enable-offload-targets=nvptx-none --with-cuda-driver-include=/usr/local.nfs/sw/cuda/cuda-10.2/include --with-cuda-driver-lib=/usr/local.nfs/sw/cuda/cuda-10.2/lib64 --disable-bootstrap --disable-multilib --enable-languages=c,c++,fortran,lto --prefix=/usr/local.nfs/sgs/software/argon-tesla/gcc/10.2-openmp-custom/install
Thread model: posix
Supported LTO compression algorithms: zlib
gcc version 10.2.0 (GCC) 
COLLECT_GCC_OPTIONS='-v' '-o' 'CMakeFiles/cmTC_688a7.dir/CMakeCXXCompilerABI.cpp.o' '-c' '-shared-libgcc' '-mtune=generic' '-march=x86-64'
 /import/sgs.local/software/argon-tesla/gcc/10.2-openmp-custom/install/bin/../libexec/gcc/x86_64-pc-linux-gnu/10.2.0/cc1plus -quiet -v -imultiarch x86_64-linux-gnu -iprefix /import/sgs.local/software/argon-tesla/gcc/10.2-openmp-custom/install/bin/../lib/gcc/x86_64-pc-linux-gnu/10.2.0/ -D_GNU_SOURCE /import/sgs.local/software/cmake/cmake-3.18.2-Linux-x86_64/share/cmake-3.18/Modules/CMakeCXXCompilerABI.cpp -quiet -dumpbase CMakeCXXCompilerABI.cpp -mtune=generic -march=x86-64 -auxbase-strip CMakeFiles/cmTC_688a7.dir/CMakeCXXCompilerABI.cpp.o -version -o /tmp/ccJbCTZp.s
GNU C++14 (GCC) version 10.2.0 (x86_64-pc-linux-gnu)
	compiled by GNU C version 9.2.0, GMP version 6.1.0, MPFR version 3.1.4, MPC version 1.0.3, isl version isl-0.18-GMP

GGC heuristics: --param ggc-min-expand=100 --param ggc-min-heapsize=131072
ignoring nonexistent directory "/import/sgs.local/software/argon-tesla/gcc/10.2-openmp-custom/install/bin/../lib/gcc/x86_64-pc-linux-gnu/10.2.0/../../../../x86_64-pc-linux-gnu/include"
ignoring duplicate directory "/import/sgs.local/software/argon-tesla/gcc/10.2-openmp-custom/install/bin/../lib/gcc/../../lib/gcc/x86_64-pc-linux-gnu/10.2.0/../../../../include/c++/10.2.0"
ignoring duplicate directory "/import/sgs.local/software/argon-tesla/gcc/10.2-openmp-custom/install/bin/../lib/gcc/../../lib/gcc/x86_64-pc-linux-gnu/10.2.0/../../../../include/c++/10.2.0/x86_64-pc-linux-gnu"
ignoring duplicate directory "/import/sgs.local/software/argon-tesla/gcc/10.2-openmp-custom/install/bin/../lib/gcc/../../lib/gcc/x86_64-pc-linux-gnu/10.2.0/../../../../include/c++/10.2.0/backward"
ignoring duplicate directory "/import/sgs.local/software/argon-tesla/gcc/10.2-openmp-custom/install/bin/../lib/gcc/../../lib/gcc/x86_64-pc-linux-gnu/10.2.0/include"
ignoring nonexistent directory "/usr/local/include/x86_64-linux-gnu"
ignoring duplicate directory "/import/sgs.local/software/argon-tesla/gcc/10.2-openmp-custom/install/bin/../lib/gcc/../../lib/gcc/x86_64-pc-linux-gnu/10.2.0/include-fixed"
ignoring nonexistent directory "/import/sgs.local/software/argon-tesla/gcc/10.2-openmp-custom/install/bin/../lib/gcc/../../lib/gcc/x86_64-pc-linux-gnu/10.2.0/../../../../x86_64-pc-linux-gnu/include"
#include "..." search starts here:
#include <...> search starts here:
 /import/sgs.local/software/argon-tesla/gcc/10.2-openmp-custom/install/bin/../lib/gcc/x86_64-pc-linux-gnu/10.2.0/../../../../include/c++/10.2.0
 /import/sgs.local/software/argon-tesla/gcc/10.2-openmp-custom/install/bin/../lib/gcc/x86_64-pc-linux-gnu/10.2.0/../../../../include/c++/10.2.0/x86_64-pc-linux-gnu
 /import/sgs.local/software/argon-tesla/gcc/10.2-openmp-custom/install/bin/../lib/gcc/x86_64-pc-linux-gnu/10.2.0/../../../../include/c++/10.2.0/backward
 /import/sgs.local/software/argon-tesla/gcc/10.2-openmp-custom/install/bin/../lib/gcc/x86_64-pc-linux-gnu/10.2.0/include
 /import/sgs.local/software/argon-tesla/gcc/10.2-openmp-custom/install/bin/../lib/gcc/x86_64-pc-linux-gnu/10.2.0/include-fixed
 /usr/local/include
 /import/sgs.local/software/argon-tesla/gcc/10.2-openmp-custom/install/bin/../lib/gcc/../../include
 /usr/include/x86_64-linux-gnu
 /usr/include
End of search list.
GNU C++14 (GCC) version 10.2.0 (x86_64-pc-linux-gnu)
	compiled by GNU C version 9.2.0, GMP version 6.1.0, MPFR version 3.1.4, MPC version 1.0.3, isl version isl-0.18-GMP

GGC heuristics: --param ggc-min-expand=100 --param ggc-min-heapsize=131072
Compiler executable checksum: 134ed4047304f1c78285ebbc38c83aca
COLLECT_GCC_OPTIONS='-v' '-o' 'CMakeFiles/cmTC_688a7.dir/CMakeCXXCompilerABI.cpp.o' '-c' '-shared-libgcc' '-mtune=generic' '-march=x86-64'
 as -v --64 -o CMakeFiles/cmTC_688a7.dir/CMakeCXXCompilerABI.cpp.o /tmp/ccJbCTZp.s
GNU assembler version 2.34 (x86_64-linux-gnu) using BFD version (GNU Binutils for Ubuntu) 2.34
COMPILER_PATH=/import/sgs.local/software/argon-tesla/gcc/10.2-openmp-custom/install/bin/../libexec/gcc/x86_64-pc-linux-gnu/10.2.0/:/import/sgs.local/software/argon-tesla/gcc/10.2-openmp-custom/install/bin/../libexec/gcc/
LIBRARY_PATH=/import/sgs.local/software/argon-tesla/gcc/10.2-openmp-custom/install/bin/../lib/gcc/x86_64-pc-linux-gnu/10.2.0/:/import/sgs.local/software/argon-tesla/gcc/10.2-openmp-custom/install/bin/../lib/gcc/:/usr/local.nfs/sgs/software/argon-tesla/gcc/10.2-openmp-custom/install/lib64/../lib64/:/import/sgs.local/software/argon-tesla/gcc/10.2-openmp-custom/install/bin/../lib/gcc/x86_64-pc-linux-gnu/10.2.0/../../../../lib64/:/lib/x86_64-linux-gnu/:/lib/../lib64/:/usr/lib/x86_64-linux-gnu/:/usr/lib/../lib64/:/usr/local.nfs/sgs/software/vtk/vtk-9.0.1/install/lib/:/usr/local.nfs/sgs/software/openmpi/3.1.6-gcc10.2/lib/:/usr/local.nfs/sgs/software/argon-tesla/gcc/10.2-openmp-custom/install/lib64/:/import/sgs.local/software/argon-tesla/gcc/10.2-openmp-custom/install/bin/../lib/gcc/x86_64-pc-linux-gnu/10.2.0/../../../:/lib/:/usr/lib/
COLLECT_GCC_OPTIONS='-v' '-o' 'CMakeFiles/cmTC_688a7.dir/CMakeCXXCompilerABI.cpp.o' '-c' '-shared-libgcc' '-mtune=generic' '-march=x86-64'
Linking CXX executable cmTC_688a7
/import/sgs.local/software/cmake/cmake-3.18.2-Linux-x86_64/bin/cmake -E cmake_link_script CMakeFiles/cmTC_688a7.dir/link.txt --verbose=1
/usr/local.nfs/sgs/software/argon-tesla/gcc/10.2-openmp-custom/install/bin/g++  -v -rdynamic CMakeFiles/cmTC_688a7.dir/CMakeCXXCompilerABI.cpp.o -o cmTC_688a7 
Using built-in specs.
COLLECT_GCC=/usr/local.nfs/sgs/software/argon-tesla/gcc/10.2-openmp-custom/install/bin/g++
COLLECT_LTO_WRAPPER=/import/sgs.local/software/argon-tesla/gcc/10.2-openmp-custom/install/bin/../libexec/gcc/x86_64-pc-linux-gnu/10.2.0/lto-wrapper
OFFLOAD_TARGET_NAMES=nvptx-none
Target: x86_64-pc-linux-gnu
Configured with: ../gcc-10.2.0/configure --enable-offload-targets=nvptx-none --with-cuda-driver-include=/usr/local.nfs/sw/cuda/cuda-10.2/include --with-cuda-driver-lib=/usr/local.nfs/sw/cuda/cuda-10.2/lib64 --disable-bootstrap --disable-multilib --enable-languages=c,c++,fortran,lto --prefix=/usr/local.nfs/sgs/software/argon-tesla/gcc/10.2-openmp-custom/install
Thread model: posix
Supported LTO compression algorithms: zlib
gcc version 10.2.0 (GCC) 
COMPILER_PATH=/import/sgs.local/software/argon-tesla/gcc/10.2-openmp-custom/install/bin/../libexec/gcc/x86_64-pc-linux-gnu/10.2.0/:/import/sgs.local/software/argon-tesla/gcc/10.2-openmp-custom/install/bin/../libexec/gcc/
LIBRARY_PATH=/import/sgs.local/software/argon-tesla/gcc/10.2-openmp-custom/install/bin/../lib/gcc/x86_64-pc-linux-gnu/10.2.0/:/import/sgs.local/software/argon-tesla/gcc/10.2-openmp-custom/install/bin/../lib/gcc/:/usr/local.nfs/sgs/software/argon-tesla/gcc/10.2-openmp-custom/install/lib64/../lib64/:/import/sgs.local/software/argon-tesla/gcc/10.2-openmp-custom/install/bin/../lib/gcc/x86_64-pc-linux-gnu/10.2.0/../../../../lib64/:/lib/x86_64-linux-gnu/:/lib/../lib64/:/usr/lib/x86_64-linux-gnu/:/usr/lib/../lib64/:/usr/local.nfs/sgs/software/vtk/vtk-9.0.1/install/lib/:/usr/local.nfs/sgs/software/openmpi/3.1.6-gcc10.2/lib/:/usr/local.nfs/sgs/software/argon-tesla/gcc/10.2-openmp-custom/install/lib64/:/import/sgs.local/software/argon-tesla/gcc/10.2-openmp-custom/install/bin/../lib/gcc/x86_64-pc-linux-gnu/10.2.0/../../../:/lib/:/usr/lib/
COLLECT_GCC_OPTIONS='-v' '-rdynamic' '-o' 'cmTC_688a7' '-shared-libgcc' '-mtune=generic' '-march=x86-64'
 /import/sgs.local/software/argon-tesla/gcc/10.2-openmp-custom/install/bin/../libexec/gcc/x86_64-pc-linux-gnu/10.2.0/collect2 -plugin /import/sgs.local/software/argon-tesla/gcc/10.2-openmp-custom/install/bin/../libexec/gcc/x86_64-pc-linux-gnu/10.2.0/liblto_plugin.so -plugin-opt=/import/sgs.local/software/argon-tesla/gcc/10.2-openmp-custom/install/bin/../libexec/gcc/x86_64-pc-linux-gnu/10.2.0/lto-wrapper -plugin-opt=-fresolution=/tmp/ccxorsaP.res -plugin-opt=-pass-through=-lgcc_s -plugin-opt=-pass-through=-lgcc -plugin-opt=-pass-through=-lc -plugin-opt=-pass-through=-lgcc_s -plugin-opt=-pass-through=-lgcc --eh-frame-hdr -m elf_x86_64 -export-dynamic -dynamic-linker /lib64/ld-linux-x86-64.so.2 -o cmTC_688a7 /lib/x86_64-linux-gnu/crt1.o /lib/x86_64-linux-gnu/crti.o /import/sgs.local/software/argon-tesla/gcc/10.2-openmp-custom/install/bin/../lib/gcc/x86_64-pc-linux-gnu/10.2.0/crtbegin.o -L/import/sgs.local/software/argon-tesla/gcc/10.2-openmp-custom/install/bin/../lib/gcc/x86_64-pc-linux-gnu/10.2.0 -L/import/sgs.local/software/argon-tesla/gcc/10.2-openmp-custom/install/bin/../lib/gcc -L/usr/local.nfs/sgs/software/argon-tesla/gcc/10.2-openmp-custom/install/lib64/../lib64 -L/import/sgs.local/software/argon-tesla/gcc/10.2-openmp-custom/install/bin/../lib/gcc/x86_64-pc-linux-gnu/10.2.0/../../../../lib64 -L/lib/x86_64-linux-gnu -L/lib/../lib64 -L/usr/lib/x86_64-linux-gnu -L/usr/lib/../lib64 -L/usr/local.nfs/sgs/software/vtk/vtk-9.0.1/install/lib -L/usr/local.nfs/sgs/software/openmpi/3.1.6-gcc10.2/lib -L/usr/local.nfs/sgs/software/argon-tesla/gcc/10.2-openmp-custom/install/lib64 -L/import/sgs.local/software/argon-tesla/gcc/10.2-openmp-custom/install/bin/../lib/gcc/x86_64-pc-linux-gnu/10.2.0/../../.. CMakeFiles/cmTC_688a7.dir/CMakeCXXCompilerABI.cpp.o -lstdc++ -lm -lgcc_s -lgcc -lc -lgcc_s -lgcc /import/sgs.local/software/argon-tesla/gcc/10.2-openmp-custom/install/bin/../lib/gcc/x86_64-pc-linux-gnu/10.2.0/crtend.o /lib/x86_64-linux-gnu/crtn.o
COLLECT_GCC_OPTIONS='-v' '-rdynamic' '-o' 'cmTC_688a7' '-shared-libgcc' '-mtune=generic' '-march=x86-64'
make[1]: Leaving directory '/home/goeseldd/NumSim_ws2122/Exercise_2/build/CMakeFiles/CMakeTmp'



Parsed CXX implicit include dir info from above output: rv=done
  found start of include info
  found start of implicit include info
    add: [/import/sgs.local/software/argon-tesla/gcc/10.2-openmp-custom/install/bin/../lib/gcc/x86_64-pc-linux-gnu/10.2.0/../../../../include/c++/10.2.0]
    add: [/import/sgs.local/software/argon-tesla/gcc/10.2-openmp-custom/install/bin/../lib/gcc/x86_64-pc-linux-gnu/10.2.0/../../../../include/c++/10.2.0/x86_64-pc-linux-gnu]
    add: [/import/sgs.local/software/argon-tesla/gcc/10.2-openmp-custom/install/bin/../lib/gcc/x86_64-pc-linux-gnu/10.2.0/../../../../include/c++/10.2.0/backward]
    add: [/import/sgs.local/software/argon-tesla/gcc/10.2-openmp-custom/install/bin/../lib/gcc/x86_64-pc-linux-gnu/10.2.0/include]
    add: [/import/sgs.local/software/argon-tesla/gcc/10.2-openmp-custom/install/bin/../lib/gcc/x86_64-pc-linux-gnu/10.2.0/include-fixed]
    add: [/usr/local/include]
    add: [/import/sgs.local/software/argon-tesla/gcc/10.2-openmp-custom/install/bin/../lib/gcc/../../include]
    add: [/usr/include/x86_64-linux-gnu]
    add: [/usr/include]
  end of search list found
  collapse include dir [/import/sgs.local/software/argon-tesla/gcc/10.2-openmp-custom/install/bin/../lib/gcc/x86_64-pc-linux-gnu/10.2.0/../../../../include/c++/10.2.0] ==> [/import/sgs.local/software/argon-tesla/gcc/10.2-openmp-custom/install/include/c++/10.2.0]
  collapse include dir [/import/sgs.local/software/argon-tesla/gcc/10.2-openmp-custom/install/bin/../lib/gcc/x86_64-pc-linux-gnu/10.2.0/../../../../include/c++/10.2.0/x86_64-pc-linux-gnu] ==> [/import/sgs.local/software/argon-tesla/gcc/10.2-openmp-custom/install/include/c++/10.2.0/x86_64-pc-linux-gnu]
  collapse include dir [/import/sgs.local/software/argon-tesla/gcc/10.2-openmp-custom/install/bin/../lib/gcc/x86_64-pc-linux-gnu/10.2.0/../../../../include/c++/10.2.0/backward] ==> [/import/sgs.local/software/argon-tesla/gcc/10.2-openmp-custom/install/include/c++/10.2.0/backward]
  collapse include dir [/import/sgs.local/software/argon-tesla/gcc/10.2-openmp-custom/install/bin/../lib/gcc/x86_64-pc-linux-gnu/10.2.0/include] ==> [/import/sgs.local/software/argon-tesla/gcc/10.2-openmp-custom/install/lib/gcc/x86_64-pc-linux-gnu/10.2.0/include]
  collapse include dir [/import/sgs.local/software/argon-tesla/gcc/10.2-openmp-custom/install/bin/../lib/gcc/x86_64-pc-linux-gnu/10.2.0/include-fixed] ==> [/import/sgs.local/software/argon-tesla/gcc/10.2-openmp-custom/install/lib/gcc/x86_64-pc-linux-gnu/10.2.0/include-fixed]
  collapse include dir [/usr/local/include] ==> [/usr/local/include]
  collapse include dir [/import/sgs.local/software/argon-tesla/gcc/10.2-openmp-custom/install/bin/../lib/gcc/../../include] ==> [/import/sgs.local/software/argon-tesla/gcc/10.2-openmp-custom/install/include]
  collapse include dir [/usr/include/x86_64-linux-gnu] ==> [/usr/include/x86_64-linux-gnu]
  collapse include dir [/usr/include] ==> [/usr/include]
  implicit include dirs: [/import/sgs.local/software/argon-tesla/gcc/10.2-openmp-custom/install/include/c++/10.2.0;/import/sgs.local/software/argon-tesla/gcc/10.2-openmp-custom/install/include/c++/10.2.0/x86_64-pc-linux-gnu;/import/sgs.local/software/argon-tesla/gcc/10.2-openmp-custom/install/include/c++/10.2.0/backward;/import/sgs.local/software/argon-tesla/gcc/10.2-openmp-custom/install/lib/gcc/x86_64-pc-linux-gnu/10.2.0/include;/import/sgs.local/software/argon-tesla/gcc/10.2-openmp-custom/install/lib/gcc/x86_64-pc-linux-gnu/10.2.0/include-fixed;/usr/local/include;/import/sgs.local/software/argon-tesla/gcc/10.2-openmp-custom/install/include;/usr/include/x86_64-linux-gnu;/usr/include]


Parsed CXX implicit link information from above output:
  link line regex: [^( *|.*[/\])(ld|CMAKE_LINK_STARTFILE-NOTFOUND|([^/\]+-)?ld|collect2)[^/\]*( |$)]
  ignore line: [Change Dir: /home/goeseldd/NumSim_ws2122/Exercise_2/build/CMakeFiles/CMakeTmp]
  ignore line: []
  ignore line: [Run Build Command(s):/usr/bin/make cmTC_688a7/fast && /usr/bin/make  -f CMakeFiles/cmTC_688a7.dir/build.make CMakeFiles/cmTC_688a7.dir/build]
  ignore line: [make[1]: Entering directory '/home/goeseldd/NumSim_ws2122/Exercise_2/build/CMakeFiles/CMakeTmp']
  ignore line: [Building CXX object CMakeFiles/cmTC_688a7.dir/CMakeCXXCompilerABI.cpp.o]
  ignore line: [/usr/local.nfs/sgs/software/argon-tesla/gcc/10.2-openmp-custom/install/bin/g++   -v -o CMakeFiles/cmTC_688a7.dir/CMakeCXXCompilerABI.cpp.o -c /import/sgs.local/software/cmake/cmake-3.18.2-Linux-x86_64/share/cmake-3.18/Modules/CMakeCXXCompilerABI.cpp]
  ignore line: [Using built-in specs.]
  ignore line: [COLLECT_GCC=/usr/local.nfs/sgs/software/argon-tesla/gcc/10.2-openmp-custom/install/bin/g++]
  ignore line: [OFFLOAD_TARGET_NAMES=nvptx-none]
  ignore line: [Target: x86_64-pc-linux-gnu]
  ignore line: [Configured with: ../gcc-10.2.0/configure --enable-offload-targets=nvptx-none --with-cuda-driver-include=/usr/local.nfs/sw/cuda/cuda-10.2/include --with-cuda-driver-lib=/usr/local.nfs/sw/cuda/cuda-10.2/lib64 --disable-bootstrap --disable-multilib --enable-languages=c c++ fortran lto --prefix=/usr/local.nfs/sgs/software/argon-tesla/gcc/10.2-openmp-custom/install]
  ignore line: [Thread model: posix]
  ignore line: [Supported LTO compression algorithms: zlib]
  ignore line: [gcc version 10.2.0 (GCC) ]
  ignore line: [COLLECT_GCC_OPTIONS='-v' '-o' 'CMakeFiles/cmTC_688a7.dir/CMakeCXXCompilerABI.cpp.o' '-c' '-shared-libgcc' '-mtune=generic' '-march=x86-64']
  ignore line: [ /import/sgs.local/software/argon-tesla/gcc/10.2-openmp-custom/install/bin/../libexec/gcc/x86_64-pc-linux-gnu/10.2.0/cc1plus -quiet -v -imultiarch x86_64-linux-gnu -iprefix /import/sgs.local/software/argon-tesla/gcc/10.2-openmp-custom/install/bin/../lib/gcc/x86_64-pc-linux-gnu/10.2.0/ -D_GNU_SOURCE /import/sgs.local/software/cmake/cmake-3.18.2-Linux-x86_64/share/cmake-3.18/Modules/CMakeCXXCompilerABI.cpp -quiet -dumpbase CMakeCXXCompilerABI.cpp -mtune=generic -march=x86-64 -auxbase-strip CMakeFiles/cmTC_688a7.dir/CMakeCXXCompilerABI.cpp.o -version -o /tmp/ccJbCTZp.s]
  ignore line: [GNU C++14 (GCC) version 10.2.0 (x86_64-pc-linux-gnu)]
  ignore line: [	compiled by GNU C version 9.2.0  GMP version 6.1.0  MPFR version 3.1.4  MPC version 1.0.3  isl version isl-0.18-GMP]
  ignore line: []
  ignore line: [GGC heuristics: --param ggc-min-expand=100 --param ggc-min-heapsize=131072]
  ignore line: [ignoring nonexistent directory "/import/sgs.local/software/argon-tesla/gcc/10.2-openmp-custom/install/bin/../lib/gcc/x86_64-pc-linux-gnu/10.2.0/../../../../x86_64-pc-linux-gnu/include"]
  ignore line: [ignoring duplicate directory "/import/sgs.local/software/argon-tesla/gcc/10.2-openmp-custom/install/bin/../lib/gcc/../../lib/gcc/x86_64-pc-linux-gnu/10.2.0/../../../../include/c++/10.2.0"]
  ignore line: [ignoring duplicate directory "/import/sgs.local/software/argon-tesla/gcc/10.2-openmp-custom/install/bin/../lib/gcc/../../lib/gcc/x86_64-pc-linux-gnu/10.2.0/../../../../include/c++/10.2.0/x86_64-pc-linux-gnu"]
  ignore line: [ignoring duplicate directory "/import/sgs.local/software/argon-tesla/gcc/10.2-openmp-custom/install/bin/../lib/gcc/../../lib/gcc/x86_64-pc-linux-gnu/10.2.0/../../../../include/c++/10.2.0/backward"]
  ignore line: [ignoring duplicate directory "/import/sgs.local/software/argon-tesla/gcc/10.2-openmp-custom/install/bin/../lib/gcc/../../lib/gcc/x86_64-pc-linux-gnu/10.2.0/include"]
  ignore line: [ignoring nonexistent directory "/usr/local/include/x86_64-linux-gnu"]
  ignore line: [ignoring duplicate directory "/import/sgs.local/software/argon-tesla/gcc/10.2-openmp-custom/install/bin/../lib/gcc/../../lib/gcc/x86_64-pc-linux-gnu/10.2.0/include-fixed"]
  ignore line: [ignoring nonexistent directory "/import/sgs.local/software/argon-tesla/gcc/10.2-openmp-custom/install/bin/../lib/gcc/../../lib/gcc/x86_64-pc-linux-gnu/10.2.0/../../../../x86_64-pc-linux-gnu/include"]
  ignore line: [#include "..." search starts here:]
  ignore line: [#include <...> search starts here:]
  ignore line: [ /import/sgs.local/software/argon-tesla/gcc/10.2-openmp-custom/install/bin/../lib/gcc/x86_64-pc-linux-gnu/10.2.0/../../../../include/c++/10.2.0]
  ignore line: [ /import/sgs.local/software/argon-tesla/gcc/10.2-openmp-custom/install/bin/../lib/gcc/x86_64-pc-linux-gnu/10.2.0/../../../../include/c++/10.2.0/x86_64-pc-linux-gnu]
  ignore line: [ /import/sgs.local/software/argon-tesla/gcc/10.2-openmp-custom/install/bin/../lib/gcc/x86_64-pc-linux-gnu/10.2.0/../../../../include/c++/10.2.0/backward]
  ignore line: [ /import/sgs.local/software/argon-tesla/gcc/10.2-openmp-custom/install/bin/../lib/gcc/x86_64-pc-linux-gnu/10.2.0/include]
  ignore line: [ /import/sgs.local/software/argon-tesla/gcc/10.2-openmp-custom/install/bin/../lib/gcc/x86_64-pc-linux-gnu/10.2.0/include-fixed]
  ignore line: [ /usr/local/include]
  ignore line: [ /import/sgs.local/software/argon-tesla/gcc/10.2-openmp-custom/install/bin/../lib/gcc/../../include]
  ignore line: [ /usr/include/x86_64-linux-gnu]
  ignore line: [ /usr/include]
  ignore line: [End of search list.]
  ignore line: [GNU C++14 (GCC) version 10.2.0 (x86_64-pc-linux-gnu)]
  ignore line: [	compiled by GNU C version 9.2.0  GMP version 6.1.0  MPFR version 3.1.4  MPC version 1.0.3  isl version isl-0.18-GMP]
  ignore line: []
  ignore line: [GGC heuristics: --param ggc-min-expand=100 --param ggc-min-heapsize=131072]
  ignore line: [Compiler executable checksum: 134ed4047304f1c78285ebbc38c83aca]
  ignore line: [COLLECT_GCC_OPTIONS='-v' '-o' 'CMakeFiles/cmTC_688a7.dir/CMakeCXXCompilerABI.cpp.o' '-c' '-shared-libgcc' '-mtune=generic' '-march=x86-64']
  ignore line: [ as -v --64 -o CMakeFiles/cmTC_688a7.dir/CMakeCXXCompilerABI.cpp.o /tmp/ccJbCTZp.s]
  ignore line: [GNU assembler version 2.34 (x86_64-linux-gnu) using BFD version (GNU Binutils for Ubuntu) 2.34]
  ignore line: [COMPILER_PATH=/import/sgs.local/software/argon-tesla/gcc/10.2-openmp-custom/install/bin/../libexec/gcc/x86_64-pc-linux-gnu/10.2.0/:/import/sgs.local/software/argon-tesla/gcc/10.2-openmp-custom/install/bin/../libexec/gcc/]
  ignore line: [LIBRARY_PATH=/import/sgs.local/software/argon-tesla/gcc/10.2-openmp-custom/install/bin/../lib/gcc/x86_64-pc-linux-gnu/10.2.0/:/import/sgs.local/software/argon-tesla/gcc/10.2-openmp-custom/install/bin/../lib/gcc/:/usr/local.nfs/sgs/software/argon-tesla/gcc/10.2-openmp-custom/install/lib64/../lib64/:/import/sgs.local/software/argon-tesla/gcc/10.2-openmp-custom/install/bin/../lib/gcc/x86_64-pc-linux-gnu/10.2.0/../../../../lib64/:/lib/x86_64-linux-gnu/:/lib/../lib64/:/usr/lib/x86_64-linux-gnu/:/usr/lib/../lib64/:/usr/local.nfs/sgs/software/vtk/vtk-9.0.1/install/lib/:/usr/local.nfs/sgs/software/openmpi/3.1.6-gcc10.2/lib/:/usr/local.nfs/sgs/software/argon-tesla/gcc/10.2-openmp-custom/install/lib64/:/import/sgs.local/software/argon-tesla/gcc/10.2-openmp-custom/install/bin/../lib/gcc/x86_64-pc-linux-gnu/10.2.0/../../../:/lib/:/usr/lib/]
  ignore line: [COLLECT_GCC_OPTIONS='-v' '-o' 'CMakeFiles/cmTC_688a7.dir/CMakeCXXCompilerABI.cpp.o' '-c' '-shared-libgcc' '-mtune=generic' '-march=x86-64']
  ignore line: [Linking CXX executable cmTC_688a7]
  ignore line: [/import/sgs.local/software/cmake/cmake-3.18.2-Linux-x86_64/bin/cmake -E cmake_link_script CMakeFiles/cmTC_688a7.dir/link.txt --verbose=1]
  ignore line: [/usr/local.nfs/sgs/software/argon-tesla/gcc/10.2-openmp-custom/install/bin/g++  -v -rdynamic CMakeFiles/cmTC_688a7.dir/CMakeCXXCompilerABI.cpp.o -o cmTC_688a7 ]
  ignore line: [Using built-in specs.]
  ignore line: [COLLECT_GCC=/usr/local.nfs/sgs/software/argon-tesla/gcc/10.2-openmp-custom/install/bin/g++]
  ignore line: [COLLECT_LTO_WRAPPER=/import/sgs.local/software/argon-tesla/gcc/10.2-openmp-custom/install/bin/../libexec/gcc/x86_64-pc-linux-gnu/10.2.0/lto-wrapper]
  ignore line: [OFFLOAD_TARGET_NAMES=nvptx-none]
  ignore line: [Target: x86_64-pc-linux-gnu]
  ignore line: [Configured with: ../gcc-10.2.0/configure --enable-offload-targets=nvptx-none --with-cuda-driver-include=/usr/local.nfs/sw/cuda/cuda-10.2/include --with-cuda-driver-lib=/usr/local.nfs/sw/cuda/cuda-10.2/lib64 --disable-bootstrap --disable-multilib --enable-languages=c c++ fortran lto --prefix=/usr/local.nfs/sgs/software/argon-tesla/gcc/10.2-openmp-custom/install]
  ignore line: [Thread model: posix]
  ignore line: [Supported LTO compression algorithms: zlib]
  ignore line: [gcc version 10.2.0 (GCC) ]
  ignore line: [COMPILER_PATH=/import/sgs.local/software/argon-tesla/gcc/10.2-openmp-custom/install/bin/../libexec/gcc/x86_64-pc-linux-gnu/10.2.0/:/import/sgs.local/software/argon-tesla/gcc/10.2-openmp-custom/install/bin/../libexec/gcc/]
  ignore line: [LIBRARY_PATH=/import/sgs.local/software/argon-tesla/gcc/10.2-openmp-custom/install/bin/../lib/gcc/x86_64-pc-linux-gnu/10.2.0/:/import/sgs.local/software/argon-tesla/gcc/10.2-openmp-custom/install/bin/../lib/gcc/:/usr/local.nfs/sgs/software/argon-tesla/gcc/10.2-openmp-custom/install/lib64/../lib64/:/import/sgs.local/software/argon-tesla/gcc/10.2-openmp-custom/install/bin/../lib/gcc/x86_64-pc-linux-gnu/10.2.0/../../../../lib64/:/lib/x86_64-linux-gnu/:/lib/../lib64/:/usr/lib/x86_64-linux-gnu/:/usr/lib/../lib64/:/usr/local.nfs/sgs/software/vtk/vtk-9.0.1/install/lib/:/usr/local.nfs/sgs/software/openmpi/3.1.6-gcc10.2/lib/:/usr/local.nfs/sgs/software/argon-tesla/gcc/10.2-openmp-custom/install/lib64/:/import/sgs.local/software/argon-tesla/gcc/10.2-openmp-custom/install/bin/../lib/gcc/x86_64-pc-linux-gnu/10.2.0/../../../:/lib/:/usr/lib/]
  ignore line: [COLLECT_GCC_OPTIONS='-v' '-rdynamic' '-o' 'cmTC_688a7' '-shared-libgcc' '-mtune=generic' '-march=x86-64']
  link line: [ /import/sgs.local/software/argon-tesla/gcc/10.2-openmp-custom/install/bin/../libexec/gcc/x86_64-pc-linux-gnu/10.2.0/collect2 -plugin /import/sgs.local/software/argon-tesla/gcc/10.2-openmp-custom/install/bin/../libexec/gcc/x86_64-pc-linux-gnu/10.2.0/liblto_plugin.so -plugin-opt=/import/sgs.local/software/argon-tesla/gcc/10.2-openmp-custom/install/bin/../libexec/gcc/x86_64-pc-linux-gnu/10.2.0/lto-wrapper -plugin-opt=-fresolution=/tmp/ccxorsaP.res -plugin-opt=-pass-through=-lgcc_s -plugin-opt=-pass-through=-lgcc -plugin-opt=-pass-through=-lc -plugin-opt=-pass-through=-lgcc_s -plugin-opt=-pass-through=-lgcc --eh-frame-hdr -m elf_x86_64 -export-dynamic -dynamic-linker /lib64/ld-linux-x86-64.so.2 -o cmTC_688a7 /lib/x86_64-linux-gnu/crt1.o /lib/x86_64-linux-gnu/crti.o /import/sgs.local/software/argon-tesla/gcc/10.2-openmp-custom/install/bin/../lib/gcc/x86_64-pc-linux-gnu/10.2.0/crtbegin.o -L/import/sgs.local/software/argon-tesla/gcc/10.2-openmp-custom/install/bin/../lib/gcc/x86_64-pc-linux-gnu/10.2.0 -L/import/sgs.local/software/argon-tesla/gcc/10.2-openmp-custom/install/bin/../lib/gcc -L/usr/local.nfs/sgs/software/argon-tesla/gcc/10.2-openmp-custom/install/lib64/../lib64 -L/import/sgs.local/software/argon-tesla/gcc/10.2-openmp-custom/install/bin/../lib/gcc/x86_64-pc-linux-gnu/10.2.0/../../../../lib64 -L/lib/x86_64-linux-gnu -L/lib/../lib64 -L/usr/lib/x86_64-linux-gnu -L/usr/lib/../lib64 -L/usr/local.nfs/sgs/software/vtk/vtk-9.0.1/install/lib -L/usr/local.nfs/sgs/software/openmpi/3.1.6-gcc10.2/lib -L/usr/local.nfs/sgs/software/argon-tesla/gcc/10.2-openmp-custom/install/lib64 -L/import/sgs.local/software/argon-tesla/gcc/10.2-openmp-custom/install/bin/../lib/gcc/x86_64-pc-linux-gnu/10.2.0/../../.. CMakeFiles/cmTC_688a7.dir/CMakeCXXCompilerABI.cpp.o -lstdc++ -lm -lgcc_s -lgcc -lc -lgcc_s -lgcc /import/sgs.local/software/argon-tesla/gcc/10.2-openmp-custom/install/bin/../lib/gcc/x86_64-pc-linux-gnu/10.2.0/crtend.o /lib/x86_64-linux-gnu/crtn.o]
    arg [/import/sgs.local/software/argon-tesla/gcc/10.2-openmp-custom/install/bin/../libexec/gcc/x86_64-pc-linux-gnu/10.2.0/collect2] ==> ignore
    arg [-plugin] ==> ignore
    arg [/import/sgs.local/software/argon-tesla/gcc/10.2-openmp-custom/install/bin/../libexec/gcc/x86_64-pc-linux-gnu/10.2.0/liblto_plugin.so] ==> ignore
    arg [-plugin-opt=/import/sgs.local/software/argon-tesla/gcc/10.2-openmp-custom/install/bin/../libexec/gcc/x86_64-pc-linux-gnu/10.2.0/lto-wrapper] ==> ignore
    arg [-plugin-opt=-fresolution=/tmp/ccxorsaP.res] ==> ignore
    arg [-plugin-opt=-pass-through=-lgcc_s] ==> ignore
    arg [-plugin-opt=-pass-through=-lgcc] ==> ignore
    arg [-plugin-opt=-pass-through=-lc] ==> ignore
    arg [-plugin-opt=-pass-through=-lgcc_s] ==> ignore
    arg [-plugin-opt=-pass-through=-lgcc] ==> ignore
    arg [--eh-frame-hdr] ==> ignore
    arg [-m] ==> ignore
    arg [elf_x86_64] ==> ignore
    arg [-export-dynamic] ==> ignore
    arg [-dynamic-linker] ==> ignore
    arg [/lib64/ld-linux-x86-64.so.2] ==> ignore
    arg [-o] ==> ignore
    arg [cmTC_688a7] ==> ignore
    arg [/lib/x86_64-linux-gnu/crt1.o] ==> ignore
    arg [/lib/x86_64-linux-gnu/crti.o] ==> ignore
    arg [/import/sgs.local/software/argon-tesla/gcc/10.2-openmp-custom/install/bin/../lib/gcc/x86_64-pc-linux-gnu/10.2.0/crtbegin.o] ==> ignore
    arg [-L/import/sgs.local/software/argon-tesla/gcc/10.2-openmp-custom/install/bin/../lib/gcc/x86_64-pc-linux-gnu/10.2.0] ==> dir [/import/sgs.local/software/argon-tesla/gcc/10.2-openmp-custom/install/bin/../lib/gcc/x86_64-pc-linux-gnu/10.2.0]
    arg [-L/import/sgs.local/software/argon-tesla/gcc/10.2-openmp-custom/install/bin/../lib/gcc] ==> dir [/import/sgs.local/software/argon-tesla/gcc/10.2-openmp-custom/install/bin/../lib/gcc]
    arg [-L/usr/local.nfs/sgs/software/argon-tesla/gcc/10.2-openmp-custom/install/lib64/../lib64] ==> dir [/usr/local.nfs/sgs/software/argon-tesla/gcc/10.2-openmp-custom/install/lib64/../lib64]
    arg [-L/import/sgs.local/software/argon-tesla/gcc/10.2-openmp-custom/install/bin/../lib/gcc/x86_64-pc-linux-gnu/10.2.0/../../../../lib64] ==> dir [/import/sgs.local/software/argon-tesla/gcc/10.2-openmp-custom/install/bin/../lib/gcc/x86_64-pc-linux-gnu/10.2.0/../../../../lib64]
    arg [-L/lib/x86_64-linux-gnu] ==> dir [/lib/x86_64-linux-gnu]
    arg [-L/lib/../lib64] ==> dir [/lib/../lib64]
    arg [-L/usr/lib/x86_64-linux-gnu] ==> dir [/usr/lib/x86_64-linux-gnu]
    arg [-L/usr/lib/../lib64] ==> dir [/usr/lib/../lib64]
    arg [-L/usr/local.nfs/sgs/software/vtk/vtk-9.0.1/install/lib] ==> dir [/usr/local.nfs/sgs/software/vtk/vtk-9.0.1/install/lib]
    arg [-L/usr/local.nfs/sgs/software/openmpi/3.1.6-gcc10.2/lib] ==> dir [/usr/local.nfs/sgs/software/openmpi/3.1.6-gcc10.2/lib]
    arg [-L/usr/local.nfs/sgs/software/argon-tesla/gcc/10.2-openmp-custom/install/lib64] ==> dir [/usr/local.nfs/sgs/software/argon-tesla/gcc/10.2-openmp-custom/install/lib64]
    arg [-L/import/sgs.local/software/argon-tesla/gcc/10.2-openmp-custom/install/bin/../lib/gcc/x86_64-pc-linux-gnu/10.2.0/../../..] ==> dir [/import/sgs.local/software/argon-tesla/gcc/10.2-openmp-custom/install/bin/../lib/gcc/x86_64-pc-linux-gnu/10.2.0/../../..]
    arg [CMakeFiles/cmTC_688a7.dir/CMakeCXXCompilerABI.cpp.o] ==> ignore
    arg [-lstdc++] ==> lib [stdc++]
    arg [-lm] ==> lib [m]
    arg [-lgcc_s] ==> lib [gcc_s]
    arg [-lgcc] ==> lib [gcc]
    arg [-lc] ==> lib [c]
    arg [-lgcc_s] ==> lib [gcc_s]
    arg [-lgcc] ==> lib [gcc]
    arg [/import/sgs.local/software/argon-tesla/gcc/10.2-openmp-custom/install/bin/../lib/gcc/x86_64-pc-linux-gnu/10.2.0/crtend.o] ==> ignore
    arg [/lib/x86_64-linux-gnu/crtn.o] ==> ignore
  collapse library dir [/import/sgs.local/software/argon-tesla/gcc/10.2-openmp-custom/install/bin/../lib/gcc/x86_64-pc-linux-gnu/10.2.0] ==> [/import/sgs.local/software/argon-tesla/gcc/10.2-openmp-custom/install/lib/gcc/x86_64-pc-linux-gnu/10.2.0]
  collapse library dir [/import/sgs.local/software/argon-tesla/gcc/10.2-openmp-custom/install/bin/../lib/gcc] ==> [/import/sgs.local/software/argon-tesla/gcc/10.2-openmp-custom/install/lib/gcc]
  collapse library dir [/usr/local.nfs/sgs/software/argon-tesla/gcc/10.2-openmp-custom/install/lib64/../lib64] ==> [/usr/local.nfs/sgs/software/argon-tesla/gcc/10.2-openmp-custom/install/lib64]
  collapse library dir [/import/sgs.local/software/argon-tesla/gcc/10.2-openmp-custom/install/bin/../lib/gcc/x86_64-pc-linux-gnu/10.2.0/../../../../lib64] ==> [/import/sgs.local/software/argon-tesla/gcc/10.2-openmp-custom/install/lib64]
  collapse library dir [/lib/x86_64-linux-gnu] ==> [/lib/x86_64-linux-gnu]
  collapse library dir [/lib/../lib64] ==> [/lib64]
  collapse library dir [/usr/lib/x86_64-linux-gnu] ==> [/usr/lib/x86_64-linux-gnu]
  collapse library dir [/usr/lib/../lib64] ==> [/usr/lib64]
  collapse library dir [/usr/local.nfs/sgs/software/vtk/vtk-9.0.1/install/lib] ==> [/usr/local.nfs/sgs/software/vtk/vtk-9.0.1/install/lib]
  collapse library dir [/usr/local.nfs/sgs/software/openmpi/3.1.6-gcc10.2/lib] ==> [/usr/local.nfs/sgs/software/openmpi/3.1.6-gcc10.2/lib]
  collapse library dir [/usr/local.nfs/sgs/software/argon-tesla/gcc/10.2-openmp-custom/install/lib64] ==> [/usr/local.nfs/sgs/software/argon-tesla/gcc/10.2-openmp-custom/install/lib64]
  collapse library dir [/import/sgs.local/software/argon-tesla/gcc/10.2-openmp-custom/install/bin/../lib/gcc/x86_64-pc-linux-gnu/10.2.0/../../..] ==> [/import/sgs.local/software/argon-tesla/gcc/10.2-openmp-custom/install/lib]
  implicit libs: [stdc++;m;gcc_s;gcc;c;gcc_s;gcc]
  implicit dirs: [/import/sgs.local/software/argon-tesla/gcc/10.2-openmp-custom/install/lib/gcc/x86_64-pc-linux-gnu/10.2.0;/import/sgs.local/software/argon-tesla/gcc/10.2-openmp-custom/install/lib/gcc;/usr/local.nfs/sgs/software/argon-tesla/gcc/10.2-openmp-custom/install/lib64;/import/sgs.local/software/argon-tesla/gcc/10.2-openmp-custom/install/lib64;/lib/x86_64-linux-gnu;/lib64;/usr/lib/x86_64-linux-gnu;/usr/lib64;/usr/local.nfs/sgs/software/vtk/vtk-9.0.1/install/lib;/usr/local.nfs/sgs/software/openmpi/3.1.6-gcc10.2/lib;/import/sgs.local/software/argon-tesla/gcc/10.2-openmp-custom/install/lib]
  implicit fwks: []


Determining if the include file pthread.h exists passed with the following output:
Change Dir: /home/goeseldd/NumSim_ws2122/Exercise_2/build/CMakeFiles/CMakeTmp

Run Build Command(s):/usr/bin/make cmTC_e21e4/fast && /usr/bin/make  -f CMakeFiles/cmTC_e21e4.dir/build.make CMakeFiles/cmTC_e21e4.dir/build
make[1]: Entering directory '/home/goeseldd/NumSim_ws2122/Exercise_2/build/CMakeFiles/CMakeTmp'
Building C object CMakeFiles/cmTC_e21e4.dir/CheckIncludeFile.c.o
/usr/local.nfs/sgs/software/argon-tesla/gcc/10.2-openmp-custom/install/bin/gcc    -o CMakeFiles/cmTC_e21e4.dir/CheckIncludeFile.c.o -c /home/goeseldd/NumSim_ws2122/Exercise_2/build/CMakeFiles/CMakeTmp/CheckIncludeFile.c
Linking C executable cmTC_e21e4
/import/sgs.local/software/cmake/cmake-3.18.2-Linux-x86_64/bin/cmake -E cmake_link_script CMakeFiles/cmTC_e21e4.dir/link.txt --verbose=1
/usr/local.nfs/sgs/software/argon-tesla/gcc/10.2-openmp-custom/install/bin/gcc CMakeFiles/cmTC_e21e4.dir/CheckIncludeFile.c.o -o cmTC_e21e4 
make[1]: Leaving directory '/home/goeseldd/NumSim_ws2122/Exercise_2/build/CMakeFiles/CMakeTmp'



Determining if the function pthread_create exists in the pthread passed with the following output:
Change Dir: /home/goeseldd/NumSim_ws2122/Exercise_2/build/CMakeFiles/CMakeTmp

Run Build Command(s):/usr/bin/make cmTC_13b32/fast && /usr/bin/make  -f CMakeFiles/cmTC_13b32.dir/build.make CMakeFiles/cmTC_13b32.dir/build
make[1]: Entering directory '/home/goeseldd/NumSim_ws2122/Exercise_2/build/CMakeFiles/CMakeTmp'
Building C object CMakeFiles/cmTC_13b32.dir/CheckFunctionExists.c.o
/usr/local.nfs/sgs/software/argon-tesla/gcc/10.2-openmp-custom/install/bin/gcc   -DCHECK_FUNCTION_EXISTS=pthread_create -o CMakeFiles/cmTC_13b32.dir/CheckFunctionExists.c.o -c /import/sgs.local/software/cmake/cmake-3.18.2-Linux-x86_64/share/cmake-3.18/Modules/CheckFunctionExists.c
Linking C executable cmTC_13b32
/import/sgs.local/software/cmake/cmake-3.18.2-Linux-x86_64/bin/cmake -E cmake_link_script CMakeFiles/cmTC_13b32.dir/link.txt --verbose=1
/usr/local.nfs/sgs/software/argon-tesla/gcc/10.2-openmp-custom/install/bin/gcc  -DCHECK_FUNCTION_EXISTS=pthread_create CMakeFiles/cmTC_13b32.dir/CheckFunctionExists.c.o -o cmTC_13b32  -lpthread 
make[1]: Leaving directory '/home/goeseldd/NumSim_ws2122/Exercise_2/build/CMakeFiles/CMakeTmp'



Determining if the function XOpenDisplay exists in the /usr/lib/x86_64-linux-gnu/libX11.so;/usr/lib/x86_64-linux-gnu/libXext.so passed with the following output:
Change Dir: /home/goeseldd/NumSim_ws2122/Exercise_2/build/CMakeFiles/CMakeTmp

Run Build Command(s):/usr/bin/make cmTC_347e1/fast && /usr/bin/make  -f CMakeFiles/cmTC_347e1.dir/build.make CMakeFiles/cmTC_347e1.dir/build
make[1]: Entering directory '/home/goeseldd/NumSim_ws2122/Exercise_2/build/CMakeFiles/CMakeTmp'
Building C object CMakeFiles/cmTC_347e1.dir/CheckFunctionExists.c.o
/usr/local.nfs/sgs/software/argon-tesla/gcc/10.2-openmp-custom/install/bin/gcc   -DCHECK_FUNCTION_EXISTS=XOpenDisplay -o CMakeFiles/cmTC_347e1.dir/CheckFunctionExists.c.o -c /import/sgs.local/software/cmake/cmake-3.18.2-Linux-x86_64/share/cmake-3.18/Modules/CheckFunctionExists.c
Linking C executable cmTC_347e1
/import/sgs.local/software/cmake/cmake-3.18.2-Linux-x86_64/bin/cmake -E cmake_link_script CMakeFiles/cmTC_347e1.dir/link.txt --verbose=1
/usr/local.nfs/sgs/software/argon-tesla/gcc/10.2-openmp-custom/install/bin/gcc  -DCHECK_FUNCTION_EXISTS=XOpenDisplay CMakeFiles/cmTC_347e1.dir/CheckFunctionExists.c.o -o cmTC_347e1  /usr/lib/x86_64-linux-gnu/libX11.so /usr/lib/x86_64-linux-gnu/libXext.so 
make[1]: Leaving directory '/home/goeseldd/NumSim_ws2122/Exercise_2/build/CMakeFiles/CMakeTmp'



Determining if the function gethostbyname exists passed with the following output:
Change Dir: /home/goeseldd/NumSim_ws2122/Exercise_2/build/CMakeFiles/CMakeTmp

Run Build Command(s):/usr/bin/make cmTC_84d45/fast && /usr/bin/make  -f CMakeFiles/cmTC_84d45.dir/build.make CMakeFiles/cmTC_84d45.dir/build
make[1]: Entering directory '/home/goeseldd/NumSim_ws2122/Exercise_2/build/CMakeFiles/CMakeTmp'
Building C object CMakeFiles/cmTC_84d45.dir/CheckFunctionExists.c.o
/usr/local.nfs/sgs/software/argon-tesla/gcc/10.2-openmp-custom/install/bin/gcc   -DCHECK_FUNCTION_EXISTS=gethostbyname -o CMakeFiles/cmTC_84d45.dir/CheckFunctionExists.c.o -c /import/sgs.local/software/cmake/cmake-3.18.2-Linux-x86_64/share/cmake-3.18/Modules/CheckFunctionExists.c
Linking C executable cmTC_84d45
/import/sgs.local/software/cmake/cmake-3.18.2-Linux-x86_64/bin/cmake -E cmake_link_script CMakeFiles/cmTC_84d45.dir/link.txt --verbose=1
/usr/local.nfs/sgs/software/argon-tesla/gcc/10.2-openmp-custom/install/bin/gcc  -DCHECK_FUNCTION_EXISTS=gethostbyname CMakeFiles/cmTC_84d45.dir/CheckFunctionExists.c.o -o cmTC_84d45 
make[1]: Leaving directory '/home/goeseldd/NumSim_ws2122/Exercise_2/build/CMakeFiles/CMakeTmp'



Determining if the function connect exists passed with the following output:
Change Dir: /home/goeseldd/NumSim_ws2122/Exercise_2/build/CMakeFiles/CMakeTmp

Run Build Command(s):/usr/bin/make cmTC_d5dc1/fast && /usr/bin/make  -f CMakeFiles/cmTC_d5dc1.dir/build.make CMakeFiles/cmTC_d5dc1.dir/build
make[1]: Entering directory '/home/goeseldd/NumSim_ws2122/Exercise_2/build/CMakeFiles/CMakeTmp'
Building C object CMakeFiles/cmTC_d5dc1.dir/CheckFunctionExists.c.o
/usr/local.nfs/sgs/software/argon-tesla/gcc/10.2-openmp-custom/install/bin/gcc   -DCHECK_FUNCTION_EXISTS=connect -o CMakeFiles/cmTC_d5dc1.dir/CheckFunctionExists.c.o -c /import/sgs.local/software/cmake/cmake-3.18.2-Linux-x86_64/share/cmake-3.18/Modules/CheckFunctionExists.c
Linking C executable cmTC_d5dc1
/import/sgs.local/software/cmake/cmake-3.18.2-Linux-x86_64/bin/cmake -E cmake_link_script CMakeFiles/cmTC_d5dc1.dir/link.txt --verbose=1
/usr/local.nfs/sgs/software/argon-tesla/gcc/10.2-openmp-custom/install/bin/gcc  -DCHECK_FUNCTION_EXISTS=connect CMakeFiles/cmTC_d5dc1.dir/CheckFunctionExists.c.o -o cmTC_d5dc1 
make[1]: Leaving directory '/home/goeseldd/NumSim_ws2122/Exercise_2/build/CMakeFiles/CMakeTmp'



Determining if the function remove exists passed with the following output:
Change Dir: /home/goeseldd/NumSim_ws2122/Exercise_2/build/CMakeFiles/CMakeTmp

Run Build Command(s):/usr/bin/make cmTC_a9d49/fast && /usr/bin/make  -f CMakeFiles/cmTC_a9d49.dir/build.make CMakeFiles/cmTC_a9d49.dir/build
make[1]: Entering directory '/home/goeseldd/NumSim_ws2122/Exercise_2/build/CMakeFiles/CMakeTmp'
Building C object CMakeFiles/cmTC_a9d49.dir/CheckFunctionExists.c.o
/usr/local.nfs/sgs/software/argon-tesla/gcc/10.2-openmp-custom/install/bin/gcc   -DCHECK_FUNCTION_EXISTS=remove -o CMakeFiles/cmTC_a9d49.dir/CheckFunctionExists.c.o -c /import/sgs.local/software/cmake/cmake-3.18.2-Linux-x86_64/share/cmake-3.18/Modules/CheckFunctionExists.c
Linking C executable cmTC_a9d49
/import/sgs.local/software/cmake/cmake-3.18.2-Linux-x86_64/bin/cmake -E cmake_link_script CMakeFiles/cmTC_a9d49.dir/link.txt --verbose=1
/usr/local.nfs/sgs/software/argon-tesla/gcc/10.2-openmp-custom/install/bin/gcc  -DCHECK_FUNCTION_EXISTS=remove CMakeFiles/cmTC_a9d49.dir/CheckFunctionExists.c.o -o cmTC_a9d49 
make[1]: Leaving directory '/home/goeseldd/NumSim_ws2122/Exercise_2/build/CMakeFiles/CMakeTmp'



Determining if the function shmat exists passed with the following output:
Change Dir: /home/goeseldd/NumSim_ws2122/Exercise_2/build/CMakeFiles/CMakeTmp

Run Build Command(s):/usr/bin/make cmTC_1e9e2/fast && /usr/bin/make  -f CMakeFiles/cmTC_1e9e2.dir/build.make CMakeFiles/cmTC_1e9e2.dir/build
make[1]: Entering directory '/home/goeseldd/NumSim_ws2122/Exercise_2/build/CMakeFiles/CMakeTmp'
Building C object CMakeFiles/cmTC_1e9e2.dir/CheckFunctionExists.c.o
/usr/local.nfs/sgs/software/argon-tesla/gcc/10.2-openmp-custom/install/bin/gcc   -DCHECK_FUNCTION_EXISTS=shmat -o CMakeFiles/cmTC_1e9e2.dir/CheckFunctionExists.c.o -c /import/sgs.local/software/cmake/cmake-3.18.2-Linux-x86_64/share/cmake-3.18/Modules/CheckFunctionExists.c
Linking C executable cmTC_1e9e2
/import/sgs.local/software/cmake/cmake-3.18.2-Linux-x86_64/bin/cmake -E cmake_link_script CMakeFiles/cmTC_1e9e2.dir/link.txt --verbose=1
/usr/local.nfs/sgs/software/argon-tesla/gcc/10.2-openmp-custom/install/bin/gcc  -DCHECK_FUNCTION_EXISTS=shmat CMakeFiles/cmTC_1e9e2.dir/CheckFunctionExists.c.o -o cmTC_1e9e2 
make[1]: Leaving directory '/home/goeseldd/NumSim_ws2122/Exercise_2/build/CMakeFiles/CMakeTmp'



Determining if the function IceConnectionNumber exists in the ICE passed with the following output:
Change Dir: /home/goeseldd/NumSim_ws2122/Exercise_2/build/CMakeFiles/CMakeTmp

Run Build Command(s):/usr/bin/make cmTC_88178/fast && /usr/bin/make  -f CMakeFiles/cmTC_88178.dir/build.make CMakeFiles/cmTC_88178.dir/build
make[1]: Entering directory '/home/goeseldd/NumSim_ws2122/Exercise_2/build/CMakeFiles/CMakeTmp'
Building C object CMakeFiles/cmTC_88178.dir/CheckFunctionExists.c.o
/usr/local.nfs/sgs/software/argon-tesla/gcc/10.2-openmp-custom/install/bin/gcc   -DCHECK_FUNCTION_EXISTS=IceConnectionNumber -o CMakeFiles/cmTC_88178.dir/CheckFunctionExists.c.o -c /import/sgs.local/software/cmake/cmake-3.18.2-Linux-x86_64/share/cmake-3.18/Modules/CheckFunctionExists.c
Linking C executable cmTC_88178
/import/sgs.local/software/cmake/cmake-3.18.2-Linux-x86_64/bin/cmake -E cmake_link_script CMakeFiles/cmTC_88178.dir/link.txt --verbose=1
/usr/local.nfs/sgs/software/argon-tesla/gcc/10.2-openmp-custom/install/bin/gcc  -DCHECK_FUNCTION_EXISTS=IceConnectionNumber CMakeFiles/cmTC_88178.dir/CheckFunctionExists.c.o -o cmTC_88178  -lICE 
make[1]: Leaving directory '/home/goeseldd/NumSim_ws2122/Exercise_2/build/CMakeFiles/CMakeTmp'



